<?xml version="1.0" encoding="UTF-8"?>
<testsuites name="Validate OHRM Login_TestSuite" time="33.977" tests="5" failures="1" errors="0">
   <testsuite name="Validate OHRM Login_TestSuite" tests="5" failures="1" errors="0" time="33.977" skipped="0" timestamp="31-01-2024T13:03:55" hostname="Shahbaaz - DESKTOP-69BDL2N" id="Test Suites/Local and Global Variables/Validate OHRM Login_TestSuite">
      <properties>
         <property name="deviceName" value=""/>
         <property name="devicePlatform" value=""/>
         <property name="logFolder" value="C:\\Users\\Shahbaaz\\git\\SI-GuidedProject-705570-1704892459\\Reports\\20240131_130352\\Local and Global Variables\\Validate OHRM Login_TestSuite\\20240131_130353"/>
         <property name="logFiles" value="C:\\Users\\Shahbaaz\\git\\SI-GuidedProject-705570-1704892459\\Reports\\20240131_130352\\Local and Global Variables\\Validate OHRM Login_TestSuite\\20240131_130353\\execution0.log"/>
         <property name="attachments" value=""/>
         <property name="hostName" value="Shahbaaz - DESKTOP-69BDL2N"/>
         <property name="os" value="Windows 10 64bit"/>
         <property name="katalonVersion" value="9.2.0.212"/>
         <property name="browser" value="Chrome 121.0.0.0"/>
         <property name="hostAddress" value="192.168.29.167"/>
         <property name="sessionId" value="9ab87a1cbb95e4dfcfd03a68e8f12126"/>
         <property name="seleniumVersion" value="3.141.59"/>
         <property name="proxyInformation" value="ProxyInformation { proxyOption=NO_PROXY, proxyServerType=HTTP, username=, password=********, proxyServerAddress=, proxyServerPort=0, executionList=&quot;&quot;, isApplyToDesiredCapabilities=true }"/>
         <property name="platform" value="Windows 10"/>
      </properties>
      <testcase name="Test Cases/Local and Global Variables/TC_Validate OHRM Login_Login Success_001" time="9.307" classname="Test Cases/Local and Global Variables/TC_Validate OHRM Login_Login Success_001" status="PASSED">
         <system-out><![CDATA[31-01-2024T13:03:55 - [TEST_CASE][PASSED] - Test Cases/Local and Global Variables/TC_Validate OHRM Login_Login Success_001: Test Cases/Local and Global Variables/TC_Validate OHRM Login_Login Success_001

31-01-2024T13:03:55 - [TEST_STEP][PASSED] - Start listener action : sampleBeforeTestCase: null

31-01-2024T13:03:55 - [TEST_STEP][PASSED] - println(testCaseContext.getTestCaseId()): null

31-01-2024T13:03:55 - [TEST_STEP][PASSED] - println(testCaseContext.getTestCaseVariables()): null

31-01-2024T13:03:55 - [TEST_STEP][PASSED] - comment("To test for successful Login"): To test for successful Login

31-01-2024T13:03:55 - [MESSAGE][INFO] - To test for successful Login

31-01-2024T13:03:55 - [TEST_STEP][PASSED] - openBrowser(""): Browser is opened with url: ''

31-01-2024T13:03:55 - [MESSAGE][INFO] - Starting 'Chrome' driver

31-01-2024T13:03:55 - [MESSAGE][INFO] - Action delay is set to 0 milliseconds

31-01-2024T13:03:56 - [MESSAGE][PASSED] - Browser is opened with url: ''

31-01-2024T13:03:56 - [TEST_STEP][PASSED] - navigateToUrl(URL): Navigate to 'https://opensource-demo.orangehrmlive.com/' successfully

31-01-2024T13:03:59 - [MESSAGE][PASSED] - Navigate to 'https://opensource-demo.orangehrmlive.com/' successfully

31-01-2024T13:03:59 - [TEST_STEP][PASSED] - setText(findTestObject("OrangeHRM_OR/Page_OHRM_Login/input_Username_username"), Username): Text 'Admin' is set on object 'Object Repository/OrangeHRM_OR/Page_OHRM_Login/input_Username_username'

31-01-2024T13:04:00 - [MESSAGE][PASSED] - Text 'Admin' is set on object 'Object Repository/OrangeHRM_OR/Page_OHRM_Login/input_Username_username'

31-01-2024T13:04:00 - [TEST_STEP][PASSED] - setText(findTestObject("OrangeHRM_OR/Page_OHRM_Login/input_Password_password"), Password): Text 'admin123' is set on object 'Object Repository/OrangeHRM_OR/Page_OHRM_Login/input_Password_password'

31-01-2024T13:04:01 - [MESSAGE][PASSED] - Text 'admin123' is set on object 'Object Repository/OrangeHRM_OR/Page_OHRM_Login/input_Password_password'

31-01-2024T13:04:01 - [TEST_STEP][PASSED] - click(findTestObject("OrangeHRM_OR/Page_OHRM_Login/button_Login")): Object: 'Object Repository/OrangeHRM_OR/Page_OHRM_Login/button_Login' is clicked on

31-01-2024T13:04:01 - [MESSAGE][PASSED] - Object: 'Object Repository/OrangeHRM_OR/Page_OHRM_Login/button_Login' is clicked on

31-01-2024T13:04:01 - [TEST_STEP][PASSED] - verifyElementVisible(findTestObject("OrangeHRM_OR/Page_OHRM_Dashboard/h6_Dashboard")): Object 'Object Repository/OrangeHRM_OR/Page_OHRM_Dashboard/h6_Dashboard' is visible

31-01-2024T13:04:04 - [MESSAGE][PASSED] - Object 'Object Repository/OrangeHRM_OR/Page_OHRM_Dashboard/h6_Dashboard' is visible

31-01-2024T13:04:04 - [TEST_STEP][PASSED] - closeBrowser(): Browser is closed

31-01-2024T13:04:04 - [MESSAGE][PASSED] - Browser is closed

31-01-2024T13:04:04 - [TEST_STEP][PASSED] - Start listener action : sampleAfterTestCase: null

31-01-2024T13:04:04 - [TEST_STEP][PASSED] - println(testCaseContext.getTestCaseId()): null

31-01-2024T13:04:04 - [TEST_STEP][PASSED] - println(testCaseContext.getTestCaseStatus()): null]]></system-out>
         <system-err><![CDATA[]]></system-err>
      </testcase>
      <testcase name="Test Cases/Local and Global Variables/TC_Validate OHRM Login_Invalid Username_002" time="6.926" classname="Test Cases/Local and Global Variables/TC_Validate OHRM Login_Invalid Username_002" status="PASSED">
         <system-out><![CDATA[31-01-2024T13:04:04 - [TEST_CASE][PASSED] - Test Cases/Local and Global Variables/TC_Validate OHRM Login_Invalid Username_002: Test Cases/Local and Global Variables/TC_Validate OHRM Login_Invalid Username_002

31-01-2024T13:04:04 - [TEST_STEP][PASSED] - Start listener action : sampleBeforeTestCase: null

31-01-2024T13:04:04 - [TEST_STEP][PASSED] - println(testCaseContext.getTestCaseId()): null

31-01-2024T13:04:05 - [TEST_STEP][PASSED] - println(testCaseContext.getTestCaseVariables()): null

31-01-2024T13:04:05 - [TEST_STEP][PASSED] - openBrowser(""): Browser is opened with url: ''

31-01-2024T13:04:05 - [MESSAGE][INFO] - Starting 'Chrome' driver

31-01-2024T13:04:05 - [MESSAGE][INFO] - Action delay is set to 0 milliseconds

31-01-2024T13:04:05 - [MESSAGE][PASSED] - Browser is opened with url: ''

31-01-2024T13:04:05 - [TEST_STEP][PASSED] - navigateToUrl(URL): Navigate to 'https://opensource-demo.orangehrmlive.com/' successfully

31-01-2024T13:04:08 - [MESSAGE][PASSED] - Navigate to 'https://opensource-demo.orangehrmlive.com/' successfully

31-01-2024T13:04:08 - [TEST_STEP][PASSED] - setText(findTestObject("OrangeHRM_OR/Page_OHRM_Login/input_Username_username"), invalid_username): Text 'abcd
' is set on object 'Object Repository/OrangeHRM_OR/Page_OHRM_Login/input_Username_username'

31-01-2024T13:04:09 - [MESSAGE][PASSED] - Text 'abcd
' is set on object 'Object Repository/OrangeHRM_OR/Page_OHRM_Login/input_Username_username'

31-01-2024T13:04:09 - [TEST_STEP][PASSED] - setText(findTestObject("OrangeHRM_OR/Page_OHRM_Login/input_Password_password"), Password): Text 'admin123' is set on object 'Object Repository/OrangeHRM_OR/Page_OHRM_Login/input_Password_password'

31-01-2024T13:04:09 - [MESSAGE][PASSED] - Text 'admin123' is set on object 'Object Repository/OrangeHRM_OR/Page_OHRM_Login/input_Password_password'

31-01-2024T13:04:09 - [TEST_STEP][PASSED] - click(findTestObject("OrangeHRM_OR/Page_OHRM_Login/button_Login")): Object: 'Object Repository/OrangeHRM_OR/Page_OHRM_Login/button_Login' is clicked on

31-01-2024T13:04:10 - [MESSAGE][PASSED] - Object: 'Object Repository/OrangeHRM_OR/Page_OHRM_Login/button_Login' is clicked on

31-01-2024T13:04:10 - [TEST_STEP][PASSED] - verifyElementVisible(findTestObject("OrangeHRM_OR/Page_OHRM_Login/p_Invalid credentials"), STOP_ON_FAILURE): Object 'Object Repository/OrangeHRM_OR/Page_OHRM_Login/p_Invalid credentials' is visible

31-01-2024T13:04:11 - [MESSAGE][PASSED] - Object 'Object Repository/OrangeHRM_OR/Page_OHRM_Login/p_Invalid credentials' is visible

31-01-2024T13:04:11 - [TEST_STEP][PASSED] - closeBrowser(): Browser is closed

31-01-2024T13:04:11 - [MESSAGE][PASSED] - Browser is closed

31-01-2024T13:04:11 - [TEST_STEP][PASSED] - Start listener action : sampleAfterTestCase: null

31-01-2024T13:04:11 - [TEST_STEP][PASSED] - println(testCaseContext.getTestCaseId()): null

31-01-2024T13:04:11 - [TEST_STEP][PASSED] - println(testCaseContext.getTestCaseStatus()): null]]></system-out>
         <system-err><![CDATA[]]></system-err>
      </testcase>
      <testcase name="Test Cases/Local and Global Variables/TC_Validate OHRM Login_Invalid Password_003" time="6.868" classname="Test Cases/Local and Global Variables/TC_Validate OHRM Login_Invalid Password_003" status="FAILED">
         <failure type="FAILED" message="Test Cases/Local and Global Variables/TC_Validate OHRM Login_Invalid Password_003 FAILED.&#xa;Reason:&#xa;com.kms.katalon.core.exception.StepFailedException: Unable to accept alert (Root cause: com.kms.katalon.core.exception.StepFailedException: Unable to accept alert&#xa;	at com.kms.katalon.core.webui.keyword.internal.WebUIKeywordMain.stepFailed(WebUIKeywordMain.groovy:64)&#xa;	at com.kms.katalon.core.webui.keyword.internal.WebUIKeywordMain.runKeyword(WebUIKeywordMain.groovy:26)&#xa;	at com.kms.katalon.core.webui.keyword.builtin.AcceptAlertKeyword.acceptAlert(AcceptAlertKeyword.groovy:71)&#xa;	at com.kms.katalon.core.webui.keyword.builtin.AcceptAlertKeyword.execute(AcceptAlertKeyword.groovy:66)&#xa;	at com.kms.katalon.core.keyword.internal.KeywordExecutor.executeKeywordForPlatform(KeywordExecutor.groovy:74)&#xa;	at com.kms.katalon.core.webui.keyword.WebUiBuiltInKeywords.acceptAlert(WebUiBuiltInKeywords.groovy:1561)&#xa;	at TC_Validate OHRM Login_Invalid Password_003.run(TC_Validate OHRM Login_Invalid Password_003:34)&#xa;	at com.kms.katalon.core.main.ScriptEngine.run(ScriptEngine.java:194)&#xa;	at com.kms.katalon.core.main.ScriptEngine.runScriptAsRawText(ScriptEngine.java:119)&#xa;	at com.kms.katalon.core.main.TestCaseExecutor.runScript(TestCaseExecutor.java:448)&#xa;	at com.kms.katalon.core.main.TestCaseExecutor.doExecute(TestCaseExecutor.java:439)&#xa;	at com.kms.katalon.core.main.TestCaseExecutor.processExecutionPhase(TestCaseExecutor.java:418)&#xa;	at com.kms.katalon.core.main.TestCaseExecutor.accessMainPhase(TestCaseExecutor.java:410)&#xa;	at com.kms.katalon.core.main.TestCaseExecutor.execute(TestCaseExecutor.java:285)&#xa;	at com.kms.katalon.core.common.CommonExecutor.accessTestCaseMainPhase(CommonExecutor.java:65)&#xa;	at com.kms.katalon.core.main.TestSuiteExecutor.accessTestSuiteMainPhase(TestSuiteExecutor.java:148)&#xa;	at com.kms.katalon.core.main.TestSuiteExecutor.execute(TestSuiteExecutor.java:106)&#xa;	at com.kms.katalon.core.main.TestCaseMain.startTestSuite(TestCaseMain.java:180)&#xa;	at TempTestSuite1706686433581.run(TempTestSuite1706686433581.groovy:36)&#xa;	at java.base/jdk.internal.reflect.NativeMethodAccessorImpl.invoke0(Native Method)&#xa;	at java.base/jdk.internal.reflect.NativeMethodAccessorImpl.invoke(NativeMethodAccessorImpl.java:77)&#xa;	at java.base/jdk.internal.reflect.DelegatingMethodAccessorImpl.invoke(DelegatingMethodAccessorImpl.java:43)&#xa;Caused by: com.kms.katalon.core.webui.exception.BrowserNotOpenedException: Browser is not opened&#xa;Build info: version: '3.141.59', revision: 'e82be7d358', time: '2018-11-14T08:25:53'&#xa;System info: host: 'DESKTOP-69BDL2N', ip: '192.168.29.167', os.name: 'Windows 10', os.arch: 'amd64', os.version: '10.0', java.version: '17.0.7'&#xa;Driver info: driver.version: unknown&#xa;	at com.kms.katalon.core.webui.driver.DriverFactory.verifyWebDriverIsOpen(DriverFactory.java:1014)&#xa;	at com.kms.katalon.core.webui.driver.DriverFactory.getAlert(DriverFactory.java:1027)&#xa;	at com.kms.katalon.core.webui.keyword.builtin.AcceptAlertKeyword$_acceptAlert_closure1.doCall(AcceptAlertKeyword.groovy:72)&#xa;	at com.kms.katalon.core.webui.keyword.builtin.AcceptAlertKeyword$_acceptAlert_closure1.call(AcceptAlertKeyword.groovy)&#xa;	at com.kms.katalon.core.webui.keyword.internal.WebUIKeywordMain.runKeyword(WebUIKeywordMain.groovy:20)&#xa;	at com.kms.katalon.core.webui.keyword.builtin.AcceptAlertKeyword.acceptAlert(AcceptAlertKeyword.groovy:71)&#xa;	at com.kms.katalon.core.webui.keyword.builtin.AcceptAlertKeyword.execute(AcceptAlertKeyword.groovy:66)&#xa;	at com.kms.katalon.core.keyword.internal.KeywordExecutor.executeKeywordForPlatform(KeywordExecutor.groovy:74)&#xa;	at com.kms.katalon.core.webui.keyword.WebUiBuiltInKeywords.acceptAlert(WebUiBuiltInKeywords.groovy:1561)&#xa;	at Script1706684886497.run(Script1706684886497.groovy:34)&#xa;	... 15 more&#xa;)&#xa;	at com.kms.katalon.core.keyword.internal.KeywordMain.stepFailed(KeywordMain.groovy:39)&#xa;	at com.kms.katalon.core.webui.keyword.internal.WebUIKeywordMain.stepFailed(WebUIKeywordMain.groovy:64)&#xa;	at com.kms.katalon.core.webui.keyword.internal.WebUIKeywordMain.runKeyword(WebUIKeywordMain.groovy:26)&#xa;	at com.kms.katalon.core.webui.keyword.builtin.AcceptAlertKeyword.acceptAlert(AcceptAlertKeyword.groovy:71)&#xa;	at com.kms.katalon.core.webui.keyword.builtin.AcceptAlertKeyword.execute(AcceptAlertKeyword.groovy:66)&#xa;	at com.kms.katalon.core.keyword.internal.KeywordExecutor.executeKeywordForPlatform(KeywordExecutor.groovy:74)&#xa;	at com.kms.katalon.core.webui.keyword.WebUiBuiltInKeywords.acceptAlert(WebUiBuiltInKeywords.groovy:1561)&#xa;	at TC_Validate OHRM Login_Invalid Password_003.run(TC_Validate OHRM Login_Invalid Password_003:34)&#xa;	at com.kms.katalon.core.main.ScriptEngine.run(ScriptEngine.java:194)&#xa;	at com.kms.katalon.core.main.ScriptEngine.runScriptAsRawText(ScriptEngine.java:119)&#xa;	at com.kms.katalon.core.main.TestCaseExecutor.runScript(TestCaseExecutor.java:448)&#xa;	at com.kms.katalon.core.main.TestCaseExecutor.doExecute(TestCaseExecutor.java:439)&#xa;	at com.kms.katalon.core.main.TestCaseExecutor.processExecutionPhase(TestCaseExecutor.java:418)&#xa;	at com.kms.katalon.core.main.TestCaseExecutor.accessMainPhase(TestCaseExecutor.java:410)&#xa;	at com.kms.katalon.core.main.TestCaseExecutor.execute(TestCaseExecutor.java:285)&#xa;	at com.kms.katalon.core.common.CommonExecutor.accessTestCaseMainPhase(CommonExecutor.java:65)&#xa;	at com.kms.katalon.core.main.TestSuiteExecutor.accessTestSuiteMainPhase(TestSuiteExecutor.java:148)&#xa;	at com.kms.katalon.core.main.TestSuiteExecutor.execute(TestSuiteExecutor.java:106)&#xa;	at com.kms.katalon.core.main.TestCaseMain.startTestSuite(TestCaseMain.java:180)&#xa;	at TempTestSuite1706686433581.run(TempTestSuite1706686433581.groovy:36)&#xa;	at java.base/jdk.internal.reflect.NativeMethodAccessorImpl.invoke0(Native Method)&#xa;	at java.base/jdk.internal.reflect.NativeMethodAccessorImpl.invoke(NativeMethodAccessorImpl.java:77)&#xa;	at java.base/jdk.internal.reflect.DelegatingMethodAccessorImpl.invoke(DelegatingMethodAccessorImpl.java:43)&#xa;Caused by: com.kms.katalon.core.exception.StepFailedException: Unable to accept alert&#xa;	... 22 more&#xa;Caused by: com.kms.katalon.core.webui.exception.BrowserNotOpenedException: Browser is not opened&#xa;Build info: version: '3.141.59', revision: 'e82be7d358', time: '2018-11-14T08:25:53'&#xa;System info: host: 'DESKTOP-69BDL2N', ip: '192.168.29.167', os.name: 'Windows 10', os.arch: 'amd64', os.version: '10.0', java.version: '17.0.7'&#xa;Driver info: driver.version: unknown&#xa;	at com.kms.katalon.core.webui.driver.DriverFactory.verifyWebDriverIsOpen(DriverFactory.java:1014)&#xa;	at com.kms.katalon.core.webui.driver.DriverFactory.getAlert(DriverFactory.java:1027)&#xa;	at com.kms.katalon.core.webui.keyword.builtin.AcceptAlertKeyword$_acceptAlert_closure1.doCall(AcceptAlertKeyword.groovy:72)&#xa;	at com.kms.katalon.core.webui.keyword.builtin.AcceptAlertKeyword$_acceptAlert_closure1.call(AcceptAlertKeyword.groovy)&#xa;	at com.kms.katalon.core.webui.keyword.internal.WebUIKeywordMain.runKeyword(WebUIKeywordMain.groovy:20)&#xa;	... 20 more&#xa;"/>
         <system-out><![CDATA[31-01-2024T13:04:11 - [TEST_CASE][FAILED] - Test Cases/Local and Global Variables/TC_Validate OHRM Login_Invalid Password_003: Test Cases/Local and Global Variables/TC_Validate OHRM Login_Invalid Password_003 FAILED.
Reason:
com.kms.katalon.core.exception.StepFailedException: Unable to accept alert (Root cause: com.kms.katalon.core.exception.StepFailedException: Unable to accept alert
	at com.kms.katalon.core.webui.keyword.internal.WebUIKeywordMain.stepFailed(WebUIKeywordMain.groovy:64)
	at com.kms.katalon.core.webui.keyword.internal.WebUIKeywordMain.runKeyword(WebUIKeywordMain.groovy:26)
	at com.kms.katalon.core.webui.keyword.builtin.AcceptAlertKeyword.acceptAlert(AcceptAlertKeyword.groovy:71)
	at com.kms.katalon.core.webui.keyword.builtin.AcceptAlertKeyword.execute(AcceptAlertKeyword.groovy:66)
	at com.kms.katalon.core.keyword.internal.KeywordExecutor.executeKeywordForPlatform(KeywordExecutor.groovy:74)
	at com.kms.katalon.core.webui.keyword.WebUiBuiltInKeywords.acceptAlert(WebUiBuiltInKeywords.groovy:1561)
	at TC_Validate OHRM Login_Invalid Password_003.run(TC_Validate OHRM Login_Invalid Password_003:34)
	at com.kms.katalon.core.main.ScriptEngine.run(ScriptEngine.java:194)
	at com.kms.katalon.core.main.ScriptEngine.runScriptAsRawText(ScriptEngine.java:119)
	at com.kms.katalon.core.main.TestCaseExecutor.runScript(TestCaseExecutor.java:448)
	at com.kms.katalon.core.main.TestCaseExecutor.doExecute(TestCaseExecutor.java:439)
	at com.kms.katalon.core.main.TestCaseExecutor.processExecutionPhase(TestCaseExecutor.java:418)
	at com.kms.katalon.core.main.TestCaseExecutor.accessMainPhase(TestCaseExecutor.java:410)
	at com.kms.katalon.core.main.TestCaseExecutor.execute(TestCaseExecutor.java:285)
	at com.kms.katalon.core.common.CommonExecutor.accessTestCaseMainPhase(CommonExecutor.java:65)
	at com.kms.katalon.core.main.TestSuiteExecutor.accessTestSuiteMainPhase(TestSuiteExecutor.java:148)
	at com.kms.katalon.core.main.TestSuiteExecutor.execute(TestSuiteExecutor.java:106)
	at com.kms.katalon.core.main.TestCaseMain.startTestSuite(TestCaseMain.java:180)
	at TempTestSuite1706686433581.run(TempTestSuite1706686433581.groovy:36)
	at java.base/jdk.internal.reflect.NativeMethodAccessorImpl.invoke0(Native Method)
	at java.base/jdk.internal.reflect.NativeMethodAccessorImpl.invoke(NativeMethodAccessorImpl.java:77)
	at java.base/jdk.internal.reflect.DelegatingMethodAccessorImpl.invoke(DelegatingMethodAccessorImpl.java:43)
Caused by: com.kms.katalon.core.webui.exception.BrowserNotOpenedException: Browser is not opened
Build info: version: '3.141.59', revision: 'e82be7d358', time: '2018-11-14T08:25:53'
System info: host: 'DESKTOP-69BDL2N', ip: '192.168.29.167', os.name: 'Windows 10', os.arch: 'amd64', os.version: '10.0', java.version: '17.0.7'
Driver info: driver.version: unknown
	at com.kms.katalon.core.webui.driver.DriverFactory.verifyWebDriverIsOpen(DriverFactory.java:1014)
	at com.kms.katalon.core.webui.driver.DriverFactory.getAlert(DriverFactory.java:1027)
	at com.kms.katalon.core.webui.keyword.builtin.AcceptAlertKeyword$_acceptAlert_closure1.doCall(AcceptAlertKeyword.groovy:72)
	at com.kms.katalon.core.webui.keyword.builtin.AcceptAlertKeyword$_acceptAlert_closure1.call(AcceptAlertKeyword.groovy)
	at com.kms.katalon.core.webui.keyword.internal.WebUIKeywordMain.runKeyword(WebUIKeywordMain.groovy:20)
	at com.kms.katalon.core.webui.keyword.builtin.AcceptAlertKeyword.acceptAlert(AcceptAlertKeyword.groovy:71)
	at com.kms.katalon.core.webui.keyword.builtin.AcceptAlertKeyword.execute(AcceptAlertKeyword.groovy:66)
	at com.kms.katalon.core.keyword.internal.KeywordExecutor.executeKeywordForPlatform(KeywordExecutor.groovy:74)
	at com.kms.katalon.core.webui.keyword.WebUiBuiltInKeywords.acceptAlert(WebUiBuiltInKeywords.groovy:1561)
	at Script1706684886497.run(Script1706684886497.groovy:34)
	... 15 more
)
	at com.kms.katalon.core.keyword.internal.KeywordMain.stepFailed(KeywordMain.groovy:39)
	at com.kms.katalon.core.webui.keyword.internal.WebUIKeywordMain.stepFailed(WebUIKeywordMain.groovy:64)
	at com.kms.katalon.core.webui.keyword.internal.WebUIKeywordMain.runKeyword(WebUIKeywordMain.groovy:26)
	at com.kms.katalon.core.webui.keyword.builtin.AcceptAlertKeyword.acceptAlert(AcceptAlertKeyword.groovy:71)
	at com.kms.katalon.core.webui.keyword.builtin.AcceptAlertKeyword.execute(AcceptAlertKeyword.groovy:66)
	at com.kms.katalon.core.keyword.internal.KeywordExecutor.executeKeywordForPlatform(KeywordExecutor.groovy:74)
	at com.kms.katalon.core.webui.keyword.WebUiBuiltInKeywords.acceptAlert(WebUiBuiltInKeywords.groovy:1561)
	at TC_Validate OHRM Login_Invalid Password_003.run(TC_Validate OHRM Login_Invalid Password_003:34)
	at com.kms.katalon.core.main.ScriptEngine.run(ScriptEngine.java:194)
	at com.kms.katalon.core.main.ScriptEngine.runScriptAsRawText(ScriptEngine.java:119)
	at com.kms.katalon.core.main.TestCaseExecutor.runScript(TestCaseExecutor.java:448)
	at com.kms.katalon.core.main.TestCaseExecutor.doExecute(TestCaseExecutor.java:439)
	at com.kms.katalon.core.main.TestCaseExecutor.processExecutionPhase(TestCaseExecutor.java:418)
	at com.kms.katalon.core.main.TestCaseExecutor.accessMainPhase(TestCaseExecutor.java:410)
	at com.kms.katalon.core.main.TestCaseExecutor.execute(TestCaseExecutor.java:285)
	at com.kms.katalon.core.common.CommonExecutor.accessTestCaseMainPhase(CommonExecutor.java:65)
	at com.kms.katalon.core.main.TestSuiteExecutor.accessTestSuiteMainPhase(TestSuiteExecutor.java:148)
	at com.kms.katalon.core.main.TestSuiteExecutor.execute(TestSuiteExecutor.java:106)
	at com.kms.katalon.core.main.TestCaseMain.startTestSuite(TestCaseMain.java:180)
	at TempTestSuite1706686433581.run(TempTestSuite1706686433581.groovy:36)
	at java.base/jdk.internal.reflect.NativeMethodAccessorImpl.invoke0(Native Method)
	at java.base/jdk.internal.reflect.NativeMethodAccessorImpl.invoke(NativeMethodAccessorImpl.java:77)
	at java.base/jdk.internal.reflect.DelegatingMethodAccessorImpl.invoke(DelegatingMethodAccessorImpl.java:43)
Caused by: com.kms.katalon.core.exception.StepFailedException: Unable to accept alert
	... 22 more
Caused by: com.kms.katalon.core.webui.exception.BrowserNotOpenedException: Browser is not opened
Build info: version: '3.141.59', revision: 'e82be7d358', time: '2018-11-14T08:25:53'
System info: host: 'DESKTOP-69BDL2N', ip: '192.168.29.167', os.name: 'Windows 10', os.arch: 'amd64', os.version: '10.0', java.version: '17.0.7'
Driver info: driver.version: unknown
	at com.kms.katalon.core.webui.driver.DriverFactory.verifyWebDriverIsOpen(DriverFactory.java:1014)
	at com.kms.katalon.core.webui.driver.DriverFactory.getAlert(DriverFactory.java:1027)
	at com.kms.katalon.core.webui.keyword.builtin.AcceptAlertKeyword$_acceptAlert_closure1.doCall(AcceptAlertKeyword.groovy:72)
	at com.kms.katalon.core.webui.keyword.builtin.AcceptAlertKeyword$_acceptAlert_closure1.call(AcceptAlertKeyword.groovy)
	at com.kms.katalon.core.webui.keyword.internal.WebUIKeywordMain.runKeyword(WebUIKeywordMain.groovy:20)
	... 20 more


31-01-2024T13:04:11 - [TEST_STEP][PASSED] - Start listener action : sampleBeforeTestCase: null

31-01-2024T13:04:11 - [TEST_STEP][PASSED] - println(testCaseContext.getTestCaseId()): null

31-01-2024T13:04:11 - [TEST_STEP][PASSED] - println(testCaseContext.getTestCaseVariables()): null

31-01-2024T13:04:11 - [TEST_STEP][PASSED] - openBrowser(""): Browser is opened with url: ''

31-01-2024T13:04:11 - [MESSAGE][INFO] - Starting 'Chrome' driver

31-01-2024T13:04:11 - [MESSAGE][INFO] - Action delay is set to 0 milliseconds

31-01-2024T13:04:12 - [MESSAGE][PASSED] - Browser is opened with url: ''

31-01-2024T13:04:12 - [TEST_STEP][PASSED] - navigateToUrl(URL): Navigate to 'https://opensource-demo.orangehrmlive.com/' successfully

31-01-2024T13:04:14 - [MESSAGE][PASSED] - Navigate to 'https://opensource-demo.orangehrmlive.com/' successfully

31-01-2024T13:04:14 - [TEST_STEP][PASSED] - setText(findTestObject("OrangeHRM_OR/Page_OHRM_Login/input_Username_username"), Username): Text 'Admin' is set on object 'Object Repository/OrangeHRM_OR/Page_OHRM_Login/input_Username_username'

31-01-2024T13:04:15 - [MESSAGE][PASSED] - Text 'Admin' is set on object 'Object Repository/OrangeHRM_OR/Page_OHRM_Login/input_Username_username'

31-01-2024T13:04:15 - [TEST_STEP][PASSED] - setText(findTestObject("OrangeHRM_OR/Page_OHRM_Login/input_Password_password"), invalid_password): Text 'abcd123
' is set on object 'Object Repository/OrangeHRM_OR/Page_OHRM_Login/input_Password_password'

31-01-2024T13:04:17 - [MESSAGE][PASSED] - Text 'abcd123
' is set on object 'Object Repository/OrangeHRM_OR/Page_OHRM_Login/input_Password_password'

31-01-2024T13:04:17 - [TEST_STEP][PASSED] - click(findTestObject("OrangeHRM_OR/Page_OHRM_Login/button_Login")): Object: 'Object Repository/OrangeHRM_OR/Page_OHRM_Login/button_Login' is clicked on

31-01-2024T13:04:18 - [MESSAGE][PASSED] - Object: 'Object Repository/OrangeHRM_OR/Page_OHRM_Login/button_Login' is clicked on

31-01-2024T13:04:18 - [TEST_STEP][PASSED] - verifyElementVisible(findTestObject("OrangeHRM_OR/Page_OHRM_Login/p_Invalid credentials"), STOP_ON_FAILURE): Object 'Object Repository/OrangeHRM_OR/Page_OHRM_Login/p_Invalid credentials' is visible

31-01-2024T13:04:18 - [MESSAGE][PASSED] - Object 'Object Repository/OrangeHRM_OR/Page_OHRM_Login/p_Invalid credentials' is visible

31-01-2024T13:04:18 - [TEST_STEP][PASSED] - closeBrowser(): Browser is closed

31-01-2024T13:04:18 - [MESSAGE][PASSED] - Browser is closed

31-01-2024T13:04:18 - [TEST_STEP][FAILED] - acceptAlert(): Unable to accept alert (Root cause: com.kms.katalon.core.exception.StepFailedException: Unable to accept alert
	at com.kms.katalon.core.webui.keyword.internal.WebUIKeywordMain.stepFailed(WebUIKeywordMain.groovy:64)
	at com.kms.katalon.core.webui.keyword.internal.WebUIKeywordMain.runKeyword(WebUIKeywordMain.groovy:26)
	at com.kms.katalon.core.webui.keyword.builtin.AcceptAlertKeyword.acceptAlert(AcceptAlertKeyword.groovy:71)
	at com.kms.katalon.core.webui.keyword.builtin.AcceptAlertKeyword.execute(AcceptAlertKeyword.groovy:66)
	at com.kms.katalon.core.keyword.internal.KeywordExecutor.executeKeywordForPlatform(KeywordExecutor.groovy:74)
	at com.kms.katalon.core.webui.keyword.WebUiBuiltInKeywords.acceptAlert(WebUiBuiltInKeywords.groovy:1561)
	at TC_Validate OHRM Login_Invalid Password_003.run(TC_Validate OHRM Login_Invalid Password_003:34)
	at com.kms.katalon.core.main.ScriptEngine.run(ScriptEngine.java:194)
	at com.kms.katalon.core.main.ScriptEngine.runScriptAsRawText(ScriptEngine.java:119)
	at com.kms.katalon.core.main.TestCaseExecutor.runScript(TestCaseExecutor.java:448)
	at com.kms.katalon.core.main.TestCaseExecutor.doExecute(TestCaseExecutor.java:439)
	at com.kms.katalon.core.main.TestCaseExecutor.processExecutionPhase(TestCaseExecutor.java:418)
	at com.kms.katalon.core.main.TestCaseExecutor.accessMainPhase(TestCaseExecutor.java:410)
	at com.kms.katalon.core.main.TestCaseExecutor.execute(TestCaseExecutor.java:285)
	at com.kms.katalon.core.common.CommonExecutor.accessTestCaseMainPhase(CommonExecutor.java:65)
	at com.kms.katalon.core.main.TestSuiteExecutor.accessTestSuiteMainPhase(TestSuiteExecutor.java:148)
	at com.kms.katalon.core.main.TestSuiteExecutor.execute(TestSuiteExecutor.java:106)
	at com.kms.katalon.core.main.TestCaseMain.startTestSuite(TestCaseMain.java:180)
	at TempTestSuite1706686433581.run(TempTestSuite1706686433581.groovy:36)
	at java.base/jdk.internal.reflect.NativeMethodAccessorImpl.invoke0(Native Method)
	at java.base/jdk.internal.reflect.NativeMethodAccessorImpl.invoke(NativeMethodAccessorImpl.java:77)
	at java.base/jdk.internal.reflect.DelegatingMethodAccessorImpl.invoke(DelegatingMethodAccessorImpl.java:43)
Caused by: com.kms.katalon.core.webui.exception.BrowserNotOpenedException: Browser is not opened
Build info: version: '3.141.59', revision: 'e82be7d358', time: '2018-11-14T08:25:53'
System info: host: 'DESKTOP-69BDL2N', ip: '192.168.29.167', os.name: 'Windows 10', os.arch: 'amd64', os.version: '10.0', java.version: '17.0.7'
Driver info: driver.version: unknown
	at com.kms.katalon.core.webui.driver.DriverFactory.verifyWebDriverIsOpen(DriverFactory.java:1014)
	at com.kms.katalon.core.webui.driver.DriverFactory.getAlert(DriverFactory.java:1027)
	at com.kms.katalon.core.webui.keyword.builtin.AcceptAlertKeyword$_acceptAlert_closure1.doCall(AcceptAlertKeyword.groovy:72)
	at com.kms.katalon.core.webui.keyword.builtin.AcceptAlertKeyword$_acceptAlert_closure1.call(AcceptAlertKeyword.groovy)
	at com.kms.katalon.core.webui.keyword.internal.WebUIKeywordMain.runKeyword(WebUIKeywordMain.groovy:20)
	at com.kms.katalon.core.webui.keyword.builtin.AcceptAlertKeyword.acceptAlert(AcceptAlertKeyword.groovy:71)
	at com.kms.katalon.core.webui.keyword.builtin.AcceptAlertKeyword.execute(AcceptAlertKeyword.groovy:66)
	at com.kms.katalon.core.keyword.internal.KeywordExecutor.executeKeywordForPlatform(KeywordExecutor.groovy:74)
	at com.kms.katalon.core.webui.keyword.WebUiBuiltInKeywords.acceptAlert(WebUiBuiltInKeywords.groovy:1561)
	at Script1706684886497.run(Script1706684886497.groovy:34)
	... 15 more
)

31-01-2024T13:04:18 - [MESSAGE][WARNING] - Cannot take screenshot

31-01-2024T13:04:18 - [MESSAGE][FAILED] - Unable to accept alert (Root cause: com.kms.katalon.core.exception.StepFailedException: Unable to accept alert
	at com.kms.katalon.core.webui.keyword.internal.WebUIKeywordMain.stepFailed(WebUIKeywordMain.groovy:64)
	at com.kms.katalon.core.webui.keyword.internal.WebUIKeywordMain.runKeyword(WebUIKeywordMain.groovy:26)
	at com.kms.katalon.core.webui.keyword.builtin.AcceptAlertKeyword.acceptAlert(AcceptAlertKeyword.groovy:71)
	at com.kms.katalon.core.webui.keyword.builtin.AcceptAlertKeyword.execute(AcceptAlertKeyword.groovy:66)
	at com.kms.katalon.core.keyword.internal.KeywordExecutor.executeKeywordForPlatform(KeywordExecutor.groovy:74)
	at com.kms.katalon.core.webui.keyword.WebUiBuiltInKeywords.acceptAlert(WebUiBuiltInKeywords.groovy:1561)
	at TC_Validate OHRM Login_Invalid Password_003.run(TC_Validate OHRM Login_Invalid Password_003:34)
	at com.kms.katalon.core.main.ScriptEngine.run(ScriptEngine.java:194)
	at com.kms.katalon.core.main.ScriptEngine.runScriptAsRawText(ScriptEngine.java:119)
	at com.kms.katalon.core.main.TestCaseExecutor.runScript(TestCaseExecutor.java:448)
	at com.kms.katalon.core.main.TestCaseExecutor.doExecute(TestCaseExecutor.java:439)
	at com.kms.katalon.core.main.TestCaseExecutor.processExecutionPhase(TestCaseExecutor.java:418)
	at com.kms.katalon.core.main.TestCaseExecutor.accessMainPhase(TestCaseExecutor.java:410)
	at com.kms.katalon.core.main.TestCaseExecutor.execute(TestCaseExecutor.java:285)
	at com.kms.katalon.core.common.CommonExecutor.accessTestCaseMainPhase(CommonExecutor.java:65)
	at com.kms.katalon.core.main.TestSuiteExecutor.accessTestSuiteMainPhase(TestSuiteExecutor.java:148)
	at com.kms.katalon.core.main.TestSuiteExecutor.execute(TestSuiteExecutor.java:106)
	at com.kms.katalon.core.main.TestCaseMain.startTestSuite(TestCaseMain.java:180)
	at TempTestSuite1706686433581.run(TempTestSuite1706686433581.groovy:36)
	at java.base/jdk.internal.reflect.NativeMethodAccessorImpl.invoke0(Native Method)
	at java.base/jdk.internal.reflect.NativeMethodAccessorImpl.invoke(NativeMethodAccessorImpl.java:77)
	at java.base/jdk.internal.reflect.DelegatingMethodAccessorImpl.invoke(DelegatingMethodAccessorImpl.java:43)
Caused by: com.kms.katalon.core.webui.exception.BrowserNotOpenedException: Browser is not opened
Build info: version: '3.141.59', revision: 'e82be7d358', time: '2018-11-14T08:25:53'
System info: host: 'DESKTOP-69BDL2N', ip: '192.168.29.167', os.name: 'Windows 10', os.arch: 'amd64', os.version: '10.0', java.version: '17.0.7'
Driver info: driver.version: unknown
	at com.kms.katalon.core.webui.driver.DriverFactory.verifyWebDriverIsOpen(DriverFactory.java:1014)
	at com.kms.katalon.core.webui.driver.DriverFactory.getAlert(DriverFactory.java:1027)
	at com.kms.katalon.core.webui.keyword.builtin.AcceptAlertKeyword$_acceptAlert_closure1.doCall(AcceptAlertKeyword.groovy:72)
	at com.kms.katalon.core.webui.keyword.builtin.AcceptAlertKeyword$_acceptAlert_closure1.call(AcceptAlertKeyword.groovy)
	at com.kms.katalon.core.webui.keyword.internal.WebUIKeywordMain.runKeyword(WebUIKeywordMain.groovy:20)
	at com.kms.katalon.core.webui.keyword.builtin.AcceptAlertKeyword.acceptAlert(AcceptAlertKeyword.groovy:71)
	at com.kms.katalon.core.webui.keyword.builtin.AcceptAlertKeyword.execute(AcceptAlertKeyword.groovy:66)
	at com.kms.katalon.core.keyword.internal.KeywordExecutor.executeKeywordForPlatform(KeywordExecutor.groovy:74)
	at com.kms.katalon.core.webui.keyword.WebUiBuiltInKeywords.acceptAlert(WebUiBuiltInKeywords.groovy:1561)
	at Script1706684886497.run(Script1706684886497.groovy:34)
	... 15 more
)

31-01-2024T13:04:18 - [TEST_STEP][PASSED] - Start listener action : sampleAfterTestCase: null

31-01-2024T13:04:18 - [TEST_STEP][PASSED] - println(testCaseContext.getTestCaseId()): null

31-01-2024T13:04:18 - [TEST_STEP][PASSED] - println(testCaseContext.getTestCaseStatus()): null]]></system-out>
         <system-err><![CDATA[31-01-2024T13:04:11 - [TEST_CASE][FAILED] - Test Cases/Local and Global Variables/TC_Validate OHRM Login_Invalid Password_003: Test Cases/Local and Global Variables/TC_Validate OHRM Login_Invalid Password_003 FAILED.
Reason:
com.kms.katalon.core.exception.StepFailedException: Unable to accept alert (Root cause: com.kms.katalon.core.exception.StepFailedException: Unable to accept alert
	at com.kms.katalon.core.webui.keyword.internal.WebUIKeywordMain.stepFailed(WebUIKeywordMain.groovy:64)
	at com.kms.katalon.core.webui.keyword.internal.WebUIKeywordMain.runKeyword(WebUIKeywordMain.groovy:26)
	at com.kms.katalon.core.webui.keyword.builtin.AcceptAlertKeyword.acceptAlert(AcceptAlertKeyword.groovy:71)
	at com.kms.katalon.core.webui.keyword.builtin.AcceptAlertKeyword.execute(AcceptAlertKeyword.groovy:66)
	at com.kms.katalon.core.keyword.internal.KeywordExecutor.executeKeywordForPlatform(KeywordExecutor.groovy:74)
	at com.kms.katalon.core.webui.keyword.WebUiBuiltInKeywords.acceptAlert(WebUiBuiltInKeywords.groovy:1561)
	at TC_Validate OHRM Login_Invalid Password_003.run(TC_Validate OHRM Login_Invalid Password_003:34)
	at com.kms.katalon.core.main.ScriptEngine.run(ScriptEngine.java:194)
	at com.kms.katalon.core.main.ScriptEngine.runScriptAsRawText(ScriptEngine.java:119)
	at com.kms.katalon.core.main.TestCaseExecutor.runScript(TestCaseExecutor.java:448)
	at com.kms.katalon.core.main.TestCaseExecutor.doExecute(TestCaseExecutor.java:439)
	at com.kms.katalon.core.main.TestCaseExecutor.processExecutionPhase(TestCaseExecutor.java:418)
	at com.kms.katalon.core.main.TestCaseExecutor.accessMainPhase(TestCaseExecutor.java:410)
	at com.kms.katalon.core.main.TestCaseExecutor.execute(TestCaseExecutor.java:285)
	at com.kms.katalon.core.common.CommonExecutor.accessTestCaseMainPhase(CommonExecutor.java:65)
	at com.kms.katalon.core.main.TestSuiteExecutor.accessTestSuiteMainPhase(TestSuiteExecutor.java:148)
	at com.kms.katalon.core.main.TestSuiteExecutor.execute(TestSuiteExecutor.java:106)
	at com.kms.katalon.core.main.TestCaseMain.startTestSuite(TestCaseMain.java:180)
	at TempTestSuite1706686433581.run(TempTestSuite1706686433581.groovy:36)
	at java.base/jdk.internal.reflect.NativeMethodAccessorImpl.invoke0(Native Method)
	at java.base/jdk.internal.reflect.NativeMethodAccessorImpl.invoke(NativeMethodAccessorImpl.java:77)
	at java.base/jdk.internal.reflect.DelegatingMethodAccessorImpl.invoke(DelegatingMethodAccessorImpl.java:43)
Caused by: com.kms.katalon.core.webui.exception.BrowserNotOpenedException: Browser is not opened
Build info: version: '3.141.59', revision: 'e82be7d358', time: '2018-11-14T08:25:53'
System info: host: 'DESKTOP-69BDL2N', ip: '192.168.29.167', os.name: 'Windows 10', os.arch: 'amd64', os.version: '10.0', java.version: '17.0.7'
Driver info: driver.version: unknown
	at com.kms.katalon.core.webui.driver.DriverFactory.verifyWebDriverIsOpen(DriverFactory.java:1014)
	at com.kms.katalon.core.webui.driver.DriverFactory.getAlert(DriverFactory.java:1027)
	at com.kms.katalon.core.webui.keyword.builtin.AcceptAlertKeyword$_acceptAlert_closure1.doCall(AcceptAlertKeyword.groovy:72)
	at com.kms.katalon.core.webui.keyword.builtin.AcceptAlertKeyword$_acceptAlert_closure1.call(AcceptAlertKeyword.groovy)
	at com.kms.katalon.core.webui.keyword.internal.WebUIKeywordMain.runKeyword(WebUIKeywordMain.groovy:20)
	at com.kms.katalon.core.webui.keyword.builtin.AcceptAlertKeyword.acceptAlert(AcceptAlertKeyword.groovy:71)
	at com.kms.katalon.core.webui.keyword.builtin.AcceptAlertKeyword.execute(AcceptAlertKeyword.groovy:66)
	at com.kms.katalon.core.keyword.internal.KeywordExecutor.executeKeywordForPlatform(KeywordExecutor.groovy:74)
	at com.kms.katalon.core.webui.keyword.WebUiBuiltInKeywords.acceptAlert(WebUiBuiltInKeywords.groovy:1561)
	at Script1706684886497.run(Script1706684886497.groovy:34)
	... 15 more
)
	at com.kms.katalon.core.keyword.internal.KeywordMain.stepFailed(KeywordMain.groovy:39)
	at com.kms.katalon.core.webui.keyword.internal.WebUIKeywordMain.stepFailed(WebUIKeywordMain.groovy:64)
	at com.kms.katalon.core.webui.keyword.internal.WebUIKeywordMain.runKeyword(WebUIKeywordMain.groovy:26)
	at com.kms.katalon.core.webui.keyword.builtin.AcceptAlertKeyword.acceptAlert(AcceptAlertKeyword.groovy:71)
	at com.kms.katalon.core.webui.keyword.builtin.AcceptAlertKeyword.execute(AcceptAlertKeyword.groovy:66)
	at com.kms.katalon.core.keyword.internal.KeywordExecutor.executeKeywordForPlatform(KeywordExecutor.groovy:74)
	at com.kms.katalon.core.webui.keyword.WebUiBuiltInKeywords.acceptAlert(WebUiBuiltInKeywords.groovy:1561)
	at TC_Validate OHRM Login_Invalid Password_003.run(TC_Validate OHRM Login_Invalid Password_003:34)
	at com.kms.katalon.core.main.ScriptEngine.run(ScriptEngine.java:194)
	at com.kms.katalon.core.main.ScriptEngine.runScriptAsRawText(ScriptEngine.java:119)
	at com.kms.katalon.core.main.TestCaseExecutor.runScript(TestCaseExecutor.java:448)
	at com.kms.katalon.core.main.TestCaseExecutor.doExecute(TestCaseExecutor.java:439)
	at com.kms.katalon.core.main.TestCaseExecutor.processExecutionPhase(TestCaseExecutor.java:418)
	at com.kms.katalon.core.main.TestCaseExecutor.accessMainPhase(TestCaseExecutor.java:410)
	at com.kms.katalon.core.main.TestCaseExecutor.execute(TestCaseExecutor.java:285)
	at com.kms.katalon.core.common.CommonExecutor.accessTestCaseMainPhase(CommonExecutor.java:65)
	at com.kms.katalon.core.main.TestSuiteExecutor.accessTestSuiteMainPhase(TestSuiteExecutor.java:148)
	at com.kms.katalon.core.main.TestSuiteExecutor.execute(TestSuiteExecutor.java:106)
	at com.kms.katalon.core.main.TestCaseMain.startTestSuite(TestCaseMain.java:180)
	at TempTestSuite1706686433581.run(TempTestSuite1706686433581.groovy:36)
	at java.base/jdk.internal.reflect.NativeMethodAccessorImpl.invoke0(Native Method)
	at java.base/jdk.internal.reflect.NativeMethodAccessorImpl.invoke(NativeMethodAccessorImpl.java:77)
	at java.base/jdk.internal.reflect.DelegatingMethodAccessorImpl.invoke(DelegatingMethodAccessorImpl.java:43)
Caused by: com.kms.katalon.core.exception.StepFailedException: Unable to accept alert
	... 22 more
Caused by: com.kms.katalon.core.webui.exception.BrowserNotOpenedException: Browser is not opened
Build info: version: '3.141.59', revision: 'e82be7d358', time: '2018-11-14T08:25:53'
System info: host: 'DESKTOP-69BDL2N', ip: '192.168.29.167', os.name: 'Windows 10', os.arch: 'amd64', os.version: '10.0', java.version: '17.0.7'
Driver info: driver.version: unknown
	at com.kms.katalon.core.webui.driver.DriverFactory.verifyWebDriverIsOpen(DriverFactory.java:1014)
	at com.kms.katalon.core.webui.driver.DriverFactory.getAlert(DriverFactory.java:1027)
	at com.kms.katalon.core.webui.keyword.builtin.AcceptAlertKeyword$_acceptAlert_closure1.doCall(AcceptAlertKeyword.groovy:72)
	at com.kms.katalon.core.webui.keyword.builtin.AcceptAlertKeyword$_acceptAlert_closure1.call(AcceptAlertKeyword.groovy)
	at com.kms.katalon.core.webui.keyword.internal.WebUIKeywordMain.runKeyword(WebUIKeywordMain.groovy:20)
	... 20 more]]></system-err>
      </testcase>
      <testcase name="Test Cases/Local and Global Variables/TC_Validate OHRM Login_Missing Password_004" time="5.399" classname="Test Cases/Local and Global Variables/TC_Validate OHRM Login_Missing Password_004" status="PASSED">
         <system-out><![CDATA[31-01-2024T13:04:18 - [TEST_CASE][PASSED] - Test Cases/Local and Global Variables/TC_Validate OHRM Login_Missing Password_004: Test Cases/Local and Global Variables/TC_Validate OHRM Login_Missing Password_004

31-01-2024T13:04:18 - [TEST_STEP][PASSED] - Start listener action : sampleBeforeTestCase: null

31-01-2024T13:04:18 - [TEST_STEP][PASSED] - println(testCaseContext.getTestCaseId()): null

31-01-2024T13:04:18 - [TEST_STEP][PASSED] - println(testCaseContext.getTestCaseVariables()): null

31-01-2024T13:04:18 - [TEST_STEP][PASSED] - openBrowser(""): Browser is opened with url: ''

31-01-2024T13:04:18 - [MESSAGE][INFO] - Starting 'Chrome' driver

31-01-2024T13:04:18 - [MESSAGE][INFO] - Action delay is set to 0 milliseconds

31-01-2024T13:04:19 - [MESSAGE][PASSED] - Browser is opened with url: ''

31-01-2024T13:04:19 - [TEST_STEP][PASSED] - navigateToUrl(URL): Navigate to 'https://opensource-demo.orangehrmlive.com/' successfully

31-01-2024T13:04:21 - [MESSAGE][PASSED] - Navigate to 'https://opensource-demo.orangehrmlive.com/' successfully

31-01-2024T13:04:21 - [TEST_STEP][PASSED] - setText(findTestObject("OrangeHRM_OR/Page_OHRM_Login/input_Username_username"), Username): Text 'Admin' is set on object 'Object Repository/OrangeHRM_OR/Page_OHRM_Login/input_Username_username'

31-01-2024T13:04:22 - [MESSAGE][PASSED] - Text 'Admin' is set on object 'Object Repository/OrangeHRM_OR/Page_OHRM_Login/input_Username_username'

31-01-2024T13:04:22 - [TEST_STEP][PASSED] - setText(findTestObject("OrangeHRM_OR/Page_OHRM_Login/input_Password_password"), ""): Text '' is set on object 'Object Repository/OrangeHRM_OR/Page_OHRM_Login/input_Password_password'

31-01-2024T13:04:23 - [MESSAGE][PASSED] - Text '' is set on object 'Object Repository/OrangeHRM_OR/Page_OHRM_Login/input_Password_password'

31-01-2024T13:04:23 - [TEST_STEP][PASSED] - click(findTestObject("OrangeHRM_OR/Page_OHRM_Login/button_Login")): Object: 'Object Repository/OrangeHRM_OR/Page_OHRM_Login/button_Login' is clicked on

31-01-2024T13:04:23 - [MESSAGE][PASSED] - Object: 'Object Repository/OrangeHRM_OR/Page_OHRM_Login/button_Login' is clicked on

31-01-2024T13:04:23 - [TEST_STEP][PASSED] - verifyElementVisible(findTestObject("OrangeHRM_OR/Page_OHRM_Login/span_password_required"), CONTINUE_ON_FAILURE): Object 'Object Repository/OrangeHRM_OR/Page_OHRM_Login/span_password_required' is visible

31-01-2024T13:04:24 - [MESSAGE][PASSED] - Object 'Object Repository/OrangeHRM_OR/Page_OHRM_Login/span_password_required' is visible

31-01-2024T13:04:24 - [TEST_STEP][PASSED] - closeBrowser(): Browser is closed

31-01-2024T13:04:24 - [MESSAGE][PASSED] - Browser is closed

31-01-2024T13:04:24 - [TEST_STEP][PASSED] - Start listener action : sampleAfterTestCase: null

31-01-2024T13:04:24 - [TEST_STEP][PASSED] - println(testCaseContext.getTestCaseId()): null

31-01-2024T13:04:24 - [TEST_STEP][PASSED] - println(testCaseContext.getTestCaseStatus()): null]]></system-out>
         <system-err><![CDATA[]]></system-err>
      </testcase>
      <testcase name="Test Cases/Local and Global Variables/TC_Validate OHRM Login_Missing Username_005" time="5.358" classname="Test Cases/Local and Global Variables/TC_Validate OHRM Login_Missing Username_005" status="PASSED">
         <system-out><![CDATA[31-01-2024T13:04:24 - [TEST_CASE][PASSED] - Test Cases/Local and Global Variables/TC_Validate OHRM Login_Missing Username_005: Test Cases/Local and Global Variables/TC_Validate OHRM Login_Missing Username_005

31-01-2024T13:04:24 - [TEST_STEP][PASSED] - Start listener action : sampleBeforeTestCase: null

31-01-2024T13:04:24 - [TEST_STEP][PASSED] - println(testCaseContext.getTestCaseId()): null

31-01-2024T13:04:24 - [TEST_STEP][PASSED] - println(testCaseContext.getTestCaseVariables()): null

31-01-2024T13:04:24 - [TEST_STEP][PASSED] - openBrowser(""): Browser is opened with url: ''

31-01-2024T13:04:24 - [MESSAGE][INFO] - Starting 'Chrome' driver

31-01-2024T13:04:24 - [MESSAGE][INFO] - Action delay is set to 0 milliseconds

31-01-2024T13:04:24 - [MESSAGE][PASSED] - Browser is opened with url: ''

31-01-2024T13:04:24 - [TEST_STEP][PASSED] - navigateToUrl(URL): Navigate to 'https://opensource-demo.orangehrmlive.com/' successfully

31-01-2024T13:04:27 - [MESSAGE][PASSED] - Navigate to 'https://opensource-demo.orangehrmlive.com/' successfully

31-01-2024T13:04:27 - [TEST_STEP][PASSED] - setText(findTestObject("OrangeHRM_OR/Page_OHRM_Login/input_Username_username"), ""): Text '' is set on object 'Object Repository/OrangeHRM_OR/Page_OHRM_Login/input_Username_username'

31-01-2024T13:04:28 - [MESSAGE][PASSED] - Text '' is set on object 'Object Repository/OrangeHRM_OR/Page_OHRM_Login/input_Username_username'

31-01-2024T13:04:28 - [TEST_STEP][PASSED] - setText(findTestObject("OrangeHRM_OR/Page_OHRM_Login/input_Password_password"), Password): Text 'admin123' is set on object 'Object Repository/OrangeHRM_OR/Page_OHRM_Login/input_Password_password'

31-01-2024T13:04:28 - [MESSAGE][PASSED] - Text 'admin123' is set on object 'Object Repository/OrangeHRM_OR/Page_OHRM_Login/input_Password_password'

31-01-2024T13:04:28 - [TEST_STEP][PASSED] - click(findTestObject("OrangeHRM_OR/Page_OHRM_Login/button_Login")): Object: 'Object Repository/OrangeHRM_OR/Page_OHRM_Login/button_Login' is clicked on

31-01-2024T13:04:28 - [MESSAGE][PASSED] - Object: 'Object Repository/OrangeHRM_OR/Page_OHRM_Login/button_Login' is clicked on

31-01-2024T13:04:28 - [TEST_STEP][PASSED] - verifyElementVisible(findTestObject("OrangeHRM_OR/Page_OHRM_Login/span_username_required"), CONTINUE_ON_FAILURE): Object 'Object Repository/OrangeHRM_OR/Page_OHRM_Login/span_username_required' is visible

31-01-2024T13:04:29 - [MESSAGE][PASSED] - Object 'Object Repository/OrangeHRM_OR/Page_OHRM_Login/span_username_required' is visible

31-01-2024T13:04:29 - [TEST_STEP][PASSED] - closeBrowser(): Browser is closed

31-01-2024T13:04:29 - [MESSAGE][PASSED] - Browser is closed

31-01-2024T13:04:29 - [TEST_STEP][PASSED] - Start listener action : sampleAfterTestCase: null

31-01-2024T13:04:29 - [TEST_STEP][PASSED] - println(testCaseContext.getTestCaseId()): null

31-01-2024T13:04:29 - [TEST_STEP][PASSED] - println(testCaseContext.getTestCaseStatus()): null]]></system-out>
         <system-err><![CDATA[]]></system-err>
      </testcase>
      <system-out><![CDATA[31-01-2024T13:03:55 - [TEST_SUITE][FAILED] - Validate OHRM Login_TestSuite: Test Cases/Local and Global Variables/TC_Validate OHRM Login_Invalid Password_003 FAILED.
Reason:
com.kms.katalon.core.exception.StepFailedException: Unable to accept alert (Root cause: com.kms.katalon.core.exception.StepFailedException: Unable to accept alert
	at com.kms.katalon.core.webui.keyword.internal.WebUIKeywordMain.stepFailed(WebUIKeywordMain.groovy:64)
	at com.kms.katalon.core.webui.keyword.internal.WebUIKeywordMain.runKeyword(WebUIKeywordMain.groovy:26)
	at com.kms.katalon.core.webui.keyword.builtin.AcceptAlertKeyword.acceptAlert(AcceptAlertKeyword.groovy:71)
	at com.kms.katalon.core.webui.keyword.builtin.AcceptAlertKeyword.execute(AcceptAlertKeyword.groovy:66)
	at com.kms.katalon.core.keyword.internal.KeywordExecutor.executeKeywordForPlatform(KeywordExecutor.groovy:74)
	at com.kms.katalon.core.webui.keyword.WebUiBuiltInKeywords.acceptAlert(WebUiBuiltInKeywords.groovy:1561)
	at TC_Validate OHRM Login_Invalid Password_003.run(TC_Validate OHRM Login_Invalid Password_003:34)
	at com.kms.katalon.core.main.ScriptEngine.run(ScriptEngine.java:194)
	at com.kms.katalon.core.main.ScriptEngine.runScriptAsRawText(ScriptEngine.java:119)
	at com.kms.katalon.core.main.TestCaseExecutor.runScript(TestCaseExecutor.java:448)
	at com.kms.katalon.core.main.TestCaseExecutor.doExecute(TestCaseExecutor.java:439)
	at com.kms.katalon.core.main.TestCaseExecutor.processExecutionPhase(TestCaseExecutor.java:418)
	at com.kms.katalon.core.main.TestCaseExecutor.accessMainPhase(TestCaseExecutor.java:410)
	at com.kms.katalon.core.main.TestCaseExecutor.execute(TestCaseExecutor.java:285)
	at com.kms.katalon.core.common.CommonExecutor.accessTestCaseMainPhase(CommonExecutor.java:65)
	at com.kms.katalon.core.main.TestSuiteExecutor.accessTestSuiteMainPhase(TestSuiteExecutor.java:148)
	at com.kms.katalon.core.main.TestSuiteExecutor.execute(TestSuiteExecutor.java:106)
	at com.kms.katalon.core.main.TestCaseMain.startTestSuite(TestCaseMain.java:180)
	at TempTestSuite1706686433581.run(TempTestSuite1706686433581.groovy:36)
	at java.base/jdk.internal.reflect.NativeMethodAccessorImpl.invoke0(Native Method)
	at java.base/jdk.internal.reflect.NativeMethodAccessorImpl.invoke(NativeMethodAccessorImpl.java:77)
	at java.base/jdk.internal.reflect.DelegatingMethodAccessorImpl.invoke(DelegatingMethodAccessorImpl.java:43)
Caused by: com.kms.katalon.core.webui.exception.BrowserNotOpenedException: Browser is not opened
Build info: version: '3.141.59', revision: 'e82be7d358', time: '2018-11-14T08:25:53'
System info: host: 'DESKTOP-69BDL2N', ip: '192.168.29.167', os.name: 'Windows 10', os.arch: 'amd64', os.version: '10.0', java.version: '17.0.7'
Driver info: driver.version: unknown
	at com.kms.katalon.core.webui.driver.DriverFactory.verifyWebDriverIsOpen(DriverFactory.java:1014)
	at com.kms.katalon.core.webui.driver.DriverFactory.getAlert(DriverFactory.java:1027)
	at com.kms.katalon.core.webui.keyword.builtin.AcceptAlertKeyword$_acceptAlert_closure1.doCall(AcceptAlertKeyword.groovy:72)
	at com.kms.katalon.core.webui.keyword.builtin.AcceptAlertKeyword$_acceptAlert_closure1.call(AcceptAlertKeyword.groovy)
	at com.kms.katalon.core.webui.keyword.internal.WebUIKeywordMain.runKeyword(WebUIKeywordMain.groovy:20)
	at com.kms.katalon.core.webui.keyword.builtin.AcceptAlertKeyword.acceptAlert(AcceptAlertKeyword.groovy:71)
	at com.kms.katalon.core.webui.keyword.builtin.AcceptAlertKeyword.execute(AcceptAlertKeyword.groovy:66)
	at com.kms.katalon.core.keyword.internal.KeywordExecutor.executeKeywordForPlatform(KeywordExecutor.groovy:74)
	at com.kms.katalon.core.webui.keyword.WebUiBuiltInKeywords.acceptAlert(WebUiBuiltInKeywords.groovy:1561)
	at Script1706684886497.run(Script1706684886497.groovy:34)
	... 15 more
)
	at com.kms.katalon.core.keyword.internal.KeywordMain.stepFailed(KeywordMain.groovy:39)
	at com.kms.katalon.core.webui.keyword.internal.WebUIKeywordMain.stepFailed(WebUIKeywordMain.groovy:64)
	at com.kms.katalon.core.webui.keyword.internal.WebUIKeywordMain.runKeyword(WebUIKeywordMain.groovy:26)
	at com.kms.katalon.core.webui.keyword.builtin.AcceptAlertKeyword.acceptAlert(AcceptAlertKeyword.groovy:71)
	at com.kms.katalon.core.webui.keyword.builtin.AcceptAlertKeyword.execute(AcceptAlertKeyword.groovy:66)
	at com.kms.katalon.core.keyword.internal.KeywordExecutor.executeKeywordForPlatform(KeywordExecutor.groovy:74)
	at com.kms.katalon.core.webui.keyword.WebUiBuiltInKeywords.acceptAlert(WebUiBuiltInKeywords.groovy:1561)
	at TC_Validate OHRM Login_Invalid Password_003.run(TC_Validate OHRM Login_Invalid Password_003:34)
	at com.kms.katalon.core.main.ScriptEngine.run(ScriptEngine.java:194)
	at com.kms.katalon.core.main.ScriptEngine.runScriptAsRawText(ScriptEngine.java:119)
	at com.kms.katalon.core.main.TestCaseExecutor.runScript(TestCaseExecutor.java:448)
	at com.kms.katalon.core.main.TestCaseExecutor.doExecute(TestCaseExecutor.java:439)
	at com.kms.katalon.core.main.TestCaseExecutor.processExecutionPhase(TestCaseExecutor.java:418)
	at com.kms.katalon.core.main.TestCaseExecutor.accessMainPhase(TestCaseExecutor.java:410)
	at com.kms.katalon.core.main.TestCaseExecutor.execute(TestCaseExecutor.java:285)
	at com.kms.katalon.core.common.CommonExecutor.accessTestCaseMainPhase(CommonExecutor.java:65)
	at com.kms.katalon.core.main.TestSuiteExecutor.accessTestSuiteMainPhase(TestSuiteExecutor.java:148)
	at com.kms.katalon.core.main.TestSuiteExecutor.execute(TestSuiteExecutor.java:106)
	at com.kms.katalon.core.main.TestCaseMain.startTestSuite(TestCaseMain.java:180)
	at TempTestSuite1706686433581.run(TempTestSuite1706686433581.groovy:36)
	at java.base/jdk.internal.reflect.NativeMethodAccessorImpl.invoke0(Native Method)
	at java.base/jdk.internal.reflect.NativeMethodAccessorImpl.invoke(NativeMethodAccessorImpl.java:77)
	at java.base/jdk.internal.reflect.DelegatingMethodAccessorImpl.invoke(DelegatingMethodAccessorImpl.java:43)
Caused by: com.kms.katalon.core.exception.StepFailedException: Unable to accept alert
	... 22 more
Caused by: com.kms.katalon.core.webui.exception.BrowserNotOpenedException: Browser is not opened
Build info: version: '3.141.59', revision: 'e82be7d358', time: '2018-11-14T08:25:53'
System info: host: 'DESKTOP-69BDL2N', ip: '192.168.29.167', os.name: 'Windows 10', os.arch: 'amd64', os.version: '10.0', java.version: '17.0.7'
Driver info: driver.version: unknown
	at com.kms.katalon.core.webui.driver.DriverFactory.verifyWebDriverIsOpen(DriverFactory.java:1014)
	at com.kms.katalon.core.webui.driver.DriverFactory.getAlert(DriverFactory.java:1027)
	at com.kms.katalon.core.webui.keyword.builtin.AcceptAlertKeyword$_acceptAlert_closure1.doCall(AcceptAlertKeyword.groovy:72)
	at com.kms.katalon.core.webui.keyword.builtin.AcceptAlertKeyword$_acceptAlert_closure1.call(AcceptAlertKeyword.groovy)
	at com.kms.katalon.core.webui.keyword.internal.WebUIKeywordMain.runKeyword(WebUIKeywordMain.groovy:20)
	... 20 more]]></system-out>
      <system-err><![CDATA[31-01-2024T13:03:55 - [TEST_SUITE][FAILED] - Validate OHRM Login_TestSuite: Test Cases/Local and Global Variables/TC_Validate OHRM Login_Invalid Password_003 FAILED.
Reason:
com.kms.katalon.core.exception.StepFailedException: Unable to accept alert (Root cause: com.kms.katalon.core.exception.StepFailedException: Unable to accept alert
	at com.kms.katalon.core.webui.keyword.internal.WebUIKeywordMain.stepFailed(WebUIKeywordMain.groovy:64)
	at com.kms.katalon.core.webui.keyword.internal.WebUIKeywordMain.runKeyword(WebUIKeywordMain.groovy:26)
	at com.kms.katalon.core.webui.keyword.builtin.AcceptAlertKeyword.acceptAlert(AcceptAlertKeyword.groovy:71)
	at com.kms.katalon.core.webui.keyword.builtin.AcceptAlertKeyword.execute(AcceptAlertKeyword.groovy:66)
	at com.kms.katalon.core.keyword.internal.KeywordExecutor.executeKeywordForPlatform(KeywordExecutor.groovy:74)
	at com.kms.katalon.core.webui.keyword.WebUiBuiltInKeywords.acceptAlert(WebUiBuiltInKeywords.groovy:1561)
	at TC_Validate OHRM Login_Invalid Password_003.run(TC_Validate OHRM Login_Invalid Password_003:34)
	at com.kms.katalon.core.main.ScriptEngine.run(ScriptEngine.java:194)
	at com.kms.katalon.core.main.ScriptEngine.runScriptAsRawText(ScriptEngine.java:119)
	at com.kms.katalon.core.main.TestCaseExecutor.runScript(TestCaseExecutor.java:448)
	at com.kms.katalon.core.main.TestCaseExecutor.doExecute(TestCaseExecutor.java:439)
	at com.kms.katalon.core.main.TestCaseExecutor.processExecutionPhase(TestCaseExecutor.java:418)
	at com.kms.katalon.core.main.TestCaseExecutor.accessMainPhase(TestCaseExecutor.java:410)
	at com.kms.katalon.core.main.TestCaseExecutor.execute(TestCaseExecutor.java:285)
	at com.kms.katalon.core.common.CommonExecutor.accessTestCaseMainPhase(CommonExecutor.java:65)
	at com.kms.katalon.core.main.TestSuiteExecutor.accessTestSuiteMainPhase(TestSuiteExecutor.java:148)
	at com.kms.katalon.core.main.TestSuiteExecutor.execute(TestSuiteExecutor.java:106)
	at com.kms.katalon.core.main.TestCaseMain.startTestSuite(TestCaseMain.java:180)
	at TempTestSuite1706686433581.run(TempTestSuite1706686433581.groovy:36)
	at java.base/jdk.internal.reflect.NativeMethodAccessorImpl.invoke0(Native Method)
	at java.base/jdk.internal.reflect.NativeMethodAccessorImpl.invoke(NativeMethodAccessorImpl.java:77)
	at java.base/jdk.internal.reflect.DelegatingMethodAccessorImpl.invoke(DelegatingMethodAccessorImpl.java:43)
Caused by: com.kms.katalon.core.webui.exception.BrowserNotOpenedException: Browser is not opened
Build info: version: '3.141.59', revision: 'e82be7d358', time: '2018-11-14T08:25:53'
System info: host: 'DESKTOP-69BDL2N', ip: '192.168.29.167', os.name: 'Windows 10', os.arch: 'amd64', os.version: '10.0', java.version: '17.0.7'
Driver info: driver.version: unknown
	at com.kms.katalon.core.webui.driver.DriverFactory.verifyWebDriverIsOpen(DriverFactory.java:1014)
	at com.kms.katalon.core.webui.driver.DriverFactory.getAlert(DriverFactory.java:1027)
	at com.kms.katalon.core.webui.keyword.builtin.AcceptAlertKeyword$_acceptAlert_closure1.doCall(AcceptAlertKeyword.groovy:72)
	at com.kms.katalon.core.webui.keyword.builtin.AcceptAlertKeyword$_acceptAlert_closure1.call(AcceptAlertKeyword.groovy)
	at com.kms.katalon.core.webui.keyword.internal.WebUIKeywordMain.runKeyword(WebUIKeywordMain.groovy:20)
	at com.kms.katalon.core.webui.keyword.builtin.AcceptAlertKeyword.acceptAlert(AcceptAlertKeyword.groovy:71)
	at com.kms.katalon.core.webui.keyword.builtin.AcceptAlertKeyword.execute(AcceptAlertKeyword.groovy:66)
	at com.kms.katalon.core.keyword.internal.KeywordExecutor.executeKeywordForPlatform(KeywordExecutor.groovy:74)
	at com.kms.katalon.core.webui.keyword.WebUiBuiltInKeywords.acceptAlert(WebUiBuiltInKeywords.groovy:1561)
	at Script1706684886497.run(Script1706684886497.groovy:34)
	... 15 more
)
	at com.kms.katalon.core.keyword.internal.KeywordMain.stepFailed(KeywordMain.groovy:39)
	at com.kms.katalon.core.webui.keyword.internal.WebUIKeywordMain.stepFailed(WebUIKeywordMain.groovy:64)
	at com.kms.katalon.core.webui.keyword.internal.WebUIKeywordMain.runKeyword(WebUIKeywordMain.groovy:26)
	at com.kms.katalon.core.webui.keyword.builtin.AcceptAlertKeyword.acceptAlert(AcceptAlertKeyword.groovy:71)
	at com.kms.katalon.core.webui.keyword.builtin.AcceptAlertKeyword.execute(AcceptAlertKeyword.groovy:66)
	at com.kms.katalon.core.keyword.internal.KeywordExecutor.executeKeywordForPlatform(KeywordExecutor.groovy:74)
	at com.kms.katalon.core.webui.keyword.WebUiBuiltInKeywords.acceptAlert(WebUiBuiltInKeywords.groovy:1561)
	at TC_Validate OHRM Login_Invalid Password_003.run(TC_Validate OHRM Login_Invalid Password_003:34)
	at com.kms.katalon.core.main.ScriptEngine.run(ScriptEngine.java:194)
	at com.kms.katalon.core.main.ScriptEngine.runScriptAsRawText(ScriptEngine.java:119)
	at com.kms.katalon.core.main.TestCaseExecutor.runScript(TestCaseExecutor.java:448)
	at com.kms.katalon.core.main.TestCaseExecutor.doExecute(TestCaseExecutor.java:439)
	at com.kms.katalon.core.main.TestCaseExecutor.processExecutionPhase(TestCaseExecutor.java:418)
	at com.kms.katalon.core.main.TestCaseExecutor.accessMainPhase(TestCaseExecutor.java:410)
	at com.kms.katalon.core.main.TestCaseExecutor.execute(TestCaseExecutor.java:285)
	at com.kms.katalon.core.common.CommonExecutor.accessTestCaseMainPhase(CommonExecutor.java:65)
	at com.kms.katalon.core.main.TestSuiteExecutor.accessTestSuiteMainPhase(TestSuiteExecutor.java:148)
	at com.kms.katalon.core.main.TestSuiteExecutor.execute(TestSuiteExecutor.java:106)
	at com.kms.katalon.core.main.TestCaseMain.startTestSuite(TestCaseMain.java:180)
	at TempTestSuite1706686433581.run(TempTestSuite1706686433581.groovy:36)
	at java.base/jdk.internal.reflect.NativeMethodAccessorImpl.invoke0(Native Method)
	at java.base/jdk.internal.reflect.NativeMethodAccessorImpl.invoke(NativeMethodAccessorImpl.java:77)
	at java.base/jdk.internal.reflect.DelegatingMethodAccessorImpl.invoke(DelegatingMethodAccessorImpl.java:43)
Caused by: com.kms.katalon.core.exception.StepFailedException: Unable to accept alert
	... 22 more
Caused by: com.kms.katalon.core.webui.exception.BrowserNotOpenedException: Browser is not opened
Build info: version: '3.141.59', revision: 'e82be7d358', time: '2018-11-14T08:25:53'
System info: host: 'DESKTOP-69BDL2N', ip: '192.168.29.167', os.name: 'Windows 10', os.arch: 'amd64', os.version: '10.0', java.version: '17.0.7'
Driver info: driver.version: unknown
	at com.kms.katalon.core.webui.driver.DriverFactory.verifyWebDriverIsOpen(DriverFactory.java:1014)
	at com.kms.katalon.core.webui.driver.DriverFactory.getAlert(DriverFactory.java:1027)
	at com.kms.katalon.core.webui.keyword.builtin.AcceptAlertKeyword$_acceptAlert_closure1.doCall(AcceptAlertKeyword.groovy:72)
	at com.kms.katalon.core.webui.keyword.builtin.AcceptAlertKeyword$_acceptAlert_closure1.call(AcceptAlertKeyword.groovy)
	at com.kms.katalon.core.webui.keyword.internal.WebUIKeywordMain.runKeyword(WebUIKeywordMain.groovy:20)
	... 20 more]]></system-err>
   </testsuite>
</testsuites>
