<?xml version="1.0" encoding="UTF-8"?>
<testsuites name="Validate OHRM Login_TestSuite" time="37.461" tests="5" failures="0" errors="0">
   <testsuite name="Validate OHRM Login_TestSuite" tests="5" failures="0" errors="0" time="37.461" skipped="0" timestamp="31-01-2024T13:05:35" hostname="Shahbaaz - DESKTOP-69BDL2N" id="Test Suites/Local and Global Variables/Validate OHRM Login_TestSuite">
      <properties>
         <property name="deviceName" value=""/>
         <property name="devicePlatform" value=""/>
         <property name="logFolder" value="C:\\Users\\Shahbaaz\\git\\SI-GuidedProject-705570-1704892459\\Reports\\20240131_130533\\Local and Global Variables\\Validate OHRM Login_TestSuite\\20240131_130533"/>
         <property name="logFiles" value="C:\\Users\\Shahbaaz\\git\\SI-GuidedProject-705570-1704892459\\Reports\\20240131_130533\\Local and Global Variables\\Validate OHRM Login_TestSuite\\20240131_130533\\execution0.log"/>
         <property name="attachments" value=""/>
         <property name="hostName" value="Shahbaaz - DESKTOP-69BDL2N"/>
         <property name="os" value="Windows 10 64bit"/>
         <property name="katalonVersion" value="9.2.0.212"/>
         <property name="browser" value="Chrome 121.0.0.0"/>
         <property name="hostAddress" value="192.168.29.167"/>
         <property name="sessionId" value="f1070b4cdb248776897f0c9d0726e237"/>
         <property name="seleniumVersion" value="3.141.59"/>
         <property name="proxyInformation" value="ProxyInformation { proxyOption=NO_PROXY, proxyServerType=HTTP, username=, password=********, proxyServerAddress=, proxyServerPort=0, executionList=&quot;&quot;, isApplyToDesiredCapabilities=true }"/>
         <property name="platform" value="Windows 10"/>
      </properties>
      <testcase name="Test Cases/Local and Global Variables/TC_Validate OHRM Login_Login Success_001" time="7.523" classname="Test Cases/Local and Global Variables/TC_Validate OHRM Login_Login Success_001" status="PASSED">
         <system-out><![CDATA[31-01-2024T13:05:35 - [TEST_CASE][PASSED] - Test Cases/Local and Global Variables/TC_Validate OHRM Login_Login Success_001: Test Cases/Local and Global Variables/TC_Validate OHRM Login_Login Success_001

31-01-2024T13:05:35 - [TEST_STEP][PASSED] - Start listener action : sampleBeforeTestCase: null

31-01-2024T13:05:35 - [TEST_STEP][PASSED] - println(testCaseContext.getTestCaseId()): null

31-01-2024T13:05:35 - [TEST_STEP][PASSED] - println(testCaseContext.getTestCaseVariables()): null

31-01-2024T13:05:35 - [TEST_STEP][PASSED] - comment("To test for successful Login"): To test for successful Login

31-01-2024T13:05:35 - [MESSAGE][INFO] - To test for successful Login

31-01-2024T13:05:35 - [TEST_STEP][PASSED] - openBrowser(""): Browser is opened with url: ''

31-01-2024T13:05:35 - [MESSAGE][INFO] - Starting 'Chrome' driver

31-01-2024T13:05:35 - [MESSAGE][INFO] - Action delay is set to 0 milliseconds

31-01-2024T13:05:36 - [MESSAGE][PASSED] - Browser is opened with url: ''

31-01-2024T13:05:36 - [TEST_STEP][PASSED] - navigateToUrl(URL): Navigate to 'https://opensource-demo.orangehrmlive.com/' successfully

31-01-2024T13:05:38 - [MESSAGE][PASSED] - Navigate to 'https://opensource-demo.orangehrmlive.com/' successfully

31-01-2024T13:05:38 - [TEST_STEP][PASSED] - setText(findTestObject("OrangeHRM_OR/Page_OHRM_Login/input_Username_username"), Username): Text 'Admin' is set on object 'Object Repository/OrangeHRM_OR/Page_OHRM_Login/input_Username_username'

31-01-2024T13:05:39 - [MESSAGE][PASSED] - Text 'Admin' is set on object 'Object Repository/OrangeHRM_OR/Page_OHRM_Login/input_Username_username'

31-01-2024T13:05:39 - [TEST_STEP][PASSED] - setText(findTestObject("OrangeHRM_OR/Page_OHRM_Login/input_Password_password"), Password): Text 'admin123' is set on object 'Object Repository/OrangeHRM_OR/Page_OHRM_Login/input_Password_password'

31-01-2024T13:05:40 - [MESSAGE][PASSED] - Text 'admin123' is set on object 'Object Repository/OrangeHRM_OR/Page_OHRM_Login/input_Password_password'

31-01-2024T13:05:40 - [TEST_STEP][PASSED] - click(findTestObject("OrangeHRM_OR/Page_OHRM_Login/button_Login")): Object: 'Object Repository/OrangeHRM_OR/Page_OHRM_Login/button_Login' is clicked on

31-01-2024T13:05:41 - [MESSAGE][PASSED] - Object: 'Object Repository/OrangeHRM_OR/Page_OHRM_Login/button_Login' is clicked on

31-01-2024T13:05:41 - [TEST_STEP][PASSED] - verifyElementVisible(findTestObject("OrangeHRM_OR/Page_OHRM_Dashboard/h6_Dashboard")): Object 'Object Repository/OrangeHRM_OR/Page_OHRM_Dashboard/h6_Dashboard' is visible

31-01-2024T13:05:42 - [MESSAGE][PASSED] - Object 'Object Repository/OrangeHRM_OR/Page_OHRM_Dashboard/h6_Dashboard' is visible

31-01-2024T13:05:42 - [TEST_STEP][PASSED] - closeBrowser(): Browser is closed

31-01-2024T13:05:42 - [MESSAGE][PASSED] - Browser is closed

31-01-2024T13:05:42 - [TEST_STEP][PASSED] - Start listener action : sampleAfterTestCase: null

31-01-2024T13:05:42 - [TEST_STEP][PASSED] - println(testCaseContext.getTestCaseId()): null

31-01-2024T13:05:42 - [TEST_STEP][PASSED] - println(testCaseContext.getTestCaseStatus()): null]]></system-out>
         <system-err><![CDATA[]]></system-err>
      </testcase>
      <testcase name="Test Cases/Local and Global Variables/TC_Validate OHRM Login_Invalid Username_002" time="6.758" classname="Test Cases/Local and Global Variables/TC_Validate OHRM Login_Invalid Username_002" status="PASSED">
         <system-out><![CDATA[31-01-2024T13:05:42 - [TEST_CASE][PASSED] - Test Cases/Local and Global Variables/TC_Validate OHRM Login_Invalid Username_002: Test Cases/Local and Global Variables/TC_Validate OHRM Login_Invalid Username_002

31-01-2024T13:05:42 - [TEST_STEP][PASSED] - Start listener action : sampleBeforeTestCase: null

31-01-2024T13:05:42 - [TEST_STEP][PASSED] - println(testCaseContext.getTestCaseId()): null

31-01-2024T13:05:42 - [TEST_STEP][PASSED] - println(testCaseContext.getTestCaseVariables()): null

31-01-2024T13:05:42 - [TEST_STEP][PASSED] - openBrowser(""): Browser is opened with url: ''

31-01-2024T13:05:42 - [MESSAGE][INFO] - Starting 'Chrome' driver

31-01-2024T13:05:42 - [MESSAGE][INFO] - Action delay is set to 0 milliseconds

31-01-2024T13:05:43 - [MESSAGE][PASSED] - Browser is opened with url: ''

31-01-2024T13:05:43 - [TEST_STEP][PASSED] - navigateToUrl(URL): Navigate to 'https://opensource-demo.orangehrmlive.com/' successfully

31-01-2024T13:05:45 - [MESSAGE][PASSED] - Navigate to 'https://opensource-demo.orangehrmlive.com/' successfully

31-01-2024T13:05:45 - [TEST_STEP][PASSED] - setText(findTestObject("OrangeHRM_OR/Page_OHRM_Login/input_Username_username"), invalid_username): Text 'abcd
' is set on object 'Object Repository/OrangeHRM_OR/Page_OHRM_Login/input_Username_username'

31-01-2024T13:05:46 - [MESSAGE][PASSED] - Text 'abcd
' is set on object 'Object Repository/OrangeHRM_OR/Page_OHRM_Login/input_Username_username'

31-01-2024T13:05:46 - [TEST_STEP][PASSED] - setText(findTestObject("OrangeHRM_OR/Page_OHRM_Login/input_Password_password"), Password): Text 'admin123' is set on object 'Object Repository/OrangeHRM_OR/Page_OHRM_Login/input_Password_password'

31-01-2024T13:05:47 - [MESSAGE][PASSED] - Text 'admin123' is set on object 'Object Repository/OrangeHRM_OR/Page_OHRM_Login/input_Password_password'

31-01-2024T13:05:47 - [TEST_STEP][PASSED] - click(findTestObject("OrangeHRM_OR/Page_OHRM_Login/button_Login")): Object: 'Object Repository/OrangeHRM_OR/Page_OHRM_Login/button_Login' is clicked on

31-01-2024T13:05:47 - [MESSAGE][PASSED] - Object: 'Object Repository/OrangeHRM_OR/Page_OHRM_Login/button_Login' is clicked on

31-01-2024T13:05:47 - [TEST_STEP][PASSED] - verifyElementVisible(findTestObject("OrangeHRM_OR/Page_OHRM_Login/p_Invalid credentials"), STOP_ON_FAILURE): Object 'Object Repository/OrangeHRM_OR/Page_OHRM_Login/p_Invalid credentials' is visible

31-01-2024T13:05:49 - [MESSAGE][PASSED] - Object 'Object Repository/OrangeHRM_OR/Page_OHRM_Login/p_Invalid credentials' is visible

31-01-2024T13:05:49 - [TEST_STEP][PASSED] - closeBrowser(): Browser is closed

31-01-2024T13:05:49 - [MESSAGE][PASSED] - Browser is closed

31-01-2024T13:05:49 - [TEST_STEP][PASSED] - Start listener action : sampleAfterTestCase: null

31-01-2024T13:05:49 - [TEST_STEP][PASSED] - println(testCaseContext.getTestCaseId()): null

31-01-2024T13:05:49 - [TEST_STEP][PASSED] - println(testCaseContext.getTestCaseStatus()): null]]></system-out>
         <system-err><![CDATA[]]></system-err>
      </testcase>
      <testcase name="Test Cases/Local and Global Variables/TC_Validate OHRM Login_Invalid Password_003" time="9.191" classname="Test Cases/Local and Global Variables/TC_Validate OHRM Login_Invalid Password_003" status="PASSED">
         <system-out><![CDATA[31-01-2024T13:05:49 - [TEST_CASE][PASSED] - Test Cases/Local and Global Variables/TC_Validate OHRM Login_Invalid Password_003: Test Cases/Local and Global Variables/TC_Validate OHRM Login_Invalid Password_003

31-01-2024T13:05:49 - [TEST_STEP][PASSED] - Start listener action : sampleBeforeTestCase: null

31-01-2024T13:05:49 - [TEST_STEP][PASSED] - println(testCaseContext.getTestCaseId()): null

31-01-2024T13:05:49 - [TEST_STEP][PASSED] - println(testCaseContext.getTestCaseVariables()): null

31-01-2024T13:05:49 - [TEST_STEP][PASSED] - openBrowser(""): Browser is opened with url: ''

31-01-2024T13:05:49 - [MESSAGE][INFO] - Starting 'Chrome' driver

31-01-2024T13:05:49 - [MESSAGE][INFO] - Action delay is set to 0 milliseconds

31-01-2024T13:05:50 - [MESSAGE][PASSED] - Browser is opened with url: ''

31-01-2024T13:05:50 - [TEST_STEP][PASSED] - navigateToUrl(URL): Navigate to 'https://opensource-demo.orangehrmlive.com/' successfully

31-01-2024T13:05:54 - [MESSAGE][PASSED] - Navigate to 'https://opensource-demo.orangehrmlive.com/' successfully

31-01-2024T13:05:54 - [TEST_STEP][PASSED] - setText(findTestObject("OrangeHRM_OR/Page_OHRM_Login/input_Username_username"), Username): Text 'Admin' is set on object 'Object Repository/OrangeHRM_OR/Page_OHRM_Login/input_Username_username'

31-01-2024T13:05:55 - [MESSAGE][PASSED] - Text 'Admin' is set on object 'Object Repository/OrangeHRM_OR/Page_OHRM_Login/input_Username_username'

31-01-2024T13:05:55 - [TEST_STEP][PASSED] - setText(findTestObject("OrangeHRM_OR/Page_OHRM_Login/input_Password_password"), invalid_password): Text 'abcd123
' is set on object 'Object Repository/OrangeHRM_OR/Page_OHRM_Login/input_Password_password'

31-01-2024T13:05:57 - [MESSAGE][PASSED] - Text 'abcd123
' is set on object 'Object Repository/OrangeHRM_OR/Page_OHRM_Login/input_Password_password'

31-01-2024T13:05:57 - [TEST_STEP][PASSED] - click(findTestObject("OrangeHRM_OR/Page_OHRM_Login/button_Login")): Object: 'Object Repository/OrangeHRM_OR/Page_OHRM_Login/button_Login' is clicked on

31-01-2024T13:05:58 - [MESSAGE][PASSED] - Object: 'Object Repository/OrangeHRM_OR/Page_OHRM_Login/button_Login' is clicked on

31-01-2024T13:05:58 - [TEST_STEP][PASSED] - verifyElementVisible(findTestObject("OrangeHRM_OR/Page_OHRM_Login/p_Invalid credentials"), STOP_ON_FAILURE): Object 'Object Repository/OrangeHRM_OR/Page_OHRM_Login/p_Invalid credentials' is visible

31-01-2024T13:05:58 - [MESSAGE][PASSED] - Object 'Object Repository/OrangeHRM_OR/Page_OHRM_Login/p_Invalid credentials' is visible

31-01-2024T13:05:58 - [TEST_STEP][PASSED] - closeBrowser(): Browser is closed

31-01-2024T13:05:58 - [MESSAGE][PASSED] - Browser is closed

31-01-2024T13:05:58 - [TEST_STEP][PASSED] - Start listener action : sampleAfterTestCase: null

31-01-2024T13:05:58 - [TEST_STEP][PASSED] - println(testCaseContext.getTestCaseId()): null

31-01-2024T13:05:58 - [TEST_STEP][PASSED] - println(testCaseContext.getTestCaseStatus()): null]]></system-out>
         <system-err><![CDATA[]]></system-err>
      </testcase>
      <testcase name="Test Cases/Local and Global Variables/TC_Validate OHRM Login_Missing Password_004" time="8.592" classname="Test Cases/Local and Global Variables/TC_Validate OHRM Login_Missing Password_004" status="PASSED">
         <system-out><![CDATA[31-01-2024T13:05:58 - [TEST_CASE][PASSED] - Test Cases/Local and Global Variables/TC_Validate OHRM Login_Missing Password_004: Test Cases/Local and Global Variables/TC_Validate OHRM Login_Missing Password_004

31-01-2024T13:05:58 - [TEST_STEP][PASSED] - Start listener action : sampleBeforeTestCase: null

31-01-2024T13:05:58 - [TEST_STEP][PASSED] - println(testCaseContext.getTestCaseId()): null

31-01-2024T13:05:58 - [TEST_STEP][PASSED] - println(testCaseContext.getTestCaseVariables()): null

31-01-2024T13:05:58 - [TEST_STEP][PASSED] - openBrowser(""): Browser is opened with url: ''

31-01-2024T13:05:58 - [MESSAGE][INFO] - Starting 'Chrome' driver

31-01-2024T13:05:58 - [MESSAGE][INFO] - Action delay is set to 0 milliseconds

31-01-2024T13:05:59 - [MESSAGE][PASSED] - Browser is opened with url: ''

31-01-2024T13:05:59 - [TEST_STEP][PASSED] - navigateToUrl(URL): Navigate to 'https://opensource-demo.orangehrmlive.com/' successfully

31-01-2024T13:06:04 - [MESSAGE][PASSED] - Navigate to 'https://opensource-demo.orangehrmlive.com/' successfully

31-01-2024T13:06:04 - [TEST_STEP][PASSED] - setText(findTestObject("OrangeHRM_OR/Page_OHRM_Login/input_Username_username"), Username): Text 'Admin' is set on object 'Object Repository/OrangeHRM_OR/Page_OHRM_Login/input_Username_username'

31-01-2024T13:06:05 - [MESSAGE][PASSED] - Text 'Admin' is set on object 'Object Repository/OrangeHRM_OR/Page_OHRM_Login/input_Username_username'

31-01-2024T13:06:05 - [TEST_STEP][PASSED] - setText(findTestObject("OrangeHRM_OR/Page_OHRM_Login/input_Password_password"), ""): Text '' is set on object 'Object Repository/OrangeHRM_OR/Page_OHRM_Login/input_Password_password'

31-01-2024T13:06:06 - [MESSAGE][PASSED] - Text '' is set on object 'Object Repository/OrangeHRM_OR/Page_OHRM_Login/input_Password_password'

31-01-2024T13:06:06 - [TEST_STEP][PASSED] - click(findTestObject("OrangeHRM_OR/Page_OHRM_Login/button_Login")): Object: 'Object Repository/OrangeHRM_OR/Page_OHRM_Login/button_Login' is clicked on

31-01-2024T13:06:06 - [MESSAGE][PASSED] - Object: 'Object Repository/OrangeHRM_OR/Page_OHRM_Login/button_Login' is clicked on

31-01-2024T13:06:06 - [TEST_STEP][PASSED] - verifyElementVisible(findTestObject("OrangeHRM_OR/Page_OHRM_Login/span_password_required"), CONTINUE_ON_FAILURE): Object 'Object Repository/OrangeHRM_OR/Page_OHRM_Login/span_password_required' is visible

31-01-2024T13:06:07 - [MESSAGE][PASSED] - Object 'Object Repository/OrangeHRM_OR/Page_OHRM_Login/span_password_required' is visible

31-01-2024T13:06:07 - [TEST_STEP][PASSED] - closeBrowser(): Browser is closed

31-01-2024T13:06:07 - [MESSAGE][PASSED] - Browser is closed

31-01-2024T13:06:07 - [TEST_STEP][PASSED] - Start listener action : sampleAfterTestCase: null

31-01-2024T13:06:07 - [TEST_STEP][PASSED] - println(testCaseContext.getTestCaseId()): null

31-01-2024T13:06:07 - [TEST_STEP][PASSED] - println(testCaseContext.getTestCaseStatus()): null]]></system-out>
         <system-err><![CDATA[]]></system-err>
      </testcase>
      <testcase name="Test Cases/Local and Global Variables/TC_Validate OHRM Login_Missing Username_005" time="5.276" classname="Test Cases/Local and Global Variables/TC_Validate OHRM Login_Missing Username_005" status="PASSED">
         <system-out><![CDATA[31-01-2024T13:06:07 - [TEST_CASE][PASSED] - Test Cases/Local and Global Variables/TC_Validate OHRM Login_Missing Username_005: Test Cases/Local and Global Variables/TC_Validate OHRM Login_Missing Username_005

31-01-2024T13:06:07 - [TEST_STEP][PASSED] - Start listener action : sampleBeforeTestCase: null

31-01-2024T13:06:07 - [TEST_STEP][PASSED] - println(testCaseContext.getTestCaseId()): null

31-01-2024T13:06:07 - [TEST_STEP][PASSED] - println(testCaseContext.getTestCaseVariables()): null

31-01-2024T13:06:07 - [TEST_STEP][PASSED] - openBrowser(""): Browser is opened with url: ''

31-01-2024T13:06:07 - [MESSAGE][INFO] - Starting 'Chrome' driver

31-01-2024T13:06:07 - [MESSAGE][INFO] - Action delay is set to 0 milliseconds

31-01-2024T13:06:07 - [MESSAGE][PASSED] - Browser is opened with url: ''

31-01-2024T13:06:07 - [TEST_STEP][PASSED] - navigateToUrl(URL): Navigate to 'https://opensource-demo.orangehrmlive.com/' successfully

31-01-2024T13:06:10 - [MESSAGE][PASSED] - Navigate to 'https://opensource-demo.orangehrmlive.com/' successfully

31-01-2024T13:06:10 - [TEST_STEP][PASSED] - setText(findTestObject("OrangeHRM_OR/Page_OHRM_Login/input_Username_username"), ""): Text '' is set on object 'Object Repository/OrangeHRM_OR/Page_OHRM_Login/input_Username_username'

31-01-2024T13:06:11 - [MESSAGE][PASSED] - Text '' is set on object 'Object Repository/OrangeHRM_OR/Page_OHRM_Login/input_Username_username'

31-01-2024T13:06:11 - [TEST_STEP][PASSED] - setText(findTestObject("OrangeHRM_OR/Page_OHRM_Login/input_Password_password"), Password): Text 'admin123' is set on object 'Object Repository/OrangeHRM_OR/Page_OHRM_Login/input_Password_password'

31-01-2024T13:06:11 - [MESSAGE][PASSED] - Text 'admin123' is set on object 'Object Repository/OrangeHRM_OR/Page_OHRM_Login/input_Password_password'

31-01-2024T13:06:11 - [TEST_STEP][PASSED] - click(findTestObject("OrangeHRM_OR/Page_OHRM_Login/button_Login")): Object: 'Object Repository/OrangeHRM_OR/Page_OHRM_Login/button_Login' is clicked on

31-01-2024T13:06:11 - [MESSAGE][PASSED] - Object: 'Object Repository/OrangeHRM_OR/Page_OHRM_Login/button_Login' is clicked on

31-01-2024T13:06:11 - [TEST_STEP][PASSED] - verifyElementVisible(findTestObject("OrangeHRM_OR/Page_OHRM_Login/span_username_required"), CONTINUE_ON_FAILURE): Object 'Object Repository/OrangeHRM_OR/Page_OHRM_Login/span_username_required' is visible

31-01-2024T13:06:12 - [MESSAGE][PASSED] - Object 'Object Repository/OrangeHRM_OR/Page_OHRM_Login/span_username_required' is visible

31-01-2024T13:06:12 - [TEST_STEP][PASSED] - closeBrowser(): Browser is closed

31-01-2024T13:06:12 - [MESSAGE][PASSED] - Browser is closed

31-01-2024T13:06:12 - [TEST_STEP][PASSED] - Start listener action : sampleAfterTestCase: null

31-01-2024T13:06:12 - [TEST_STEP][PASSED] - println(testCaseContext.getTestCaseId()): null

31-01-2024T13:06:12 - [TEST_STEP][PASSED] - println(testCaseContext.getTestCaseStatus()): null]]></system-out>
         <system-err><![CDATA[]]></system-err>
      </testcase>
      <system-out><![CDATA[31-01-2024T13:05:35 - [TEST_SUITE][PASSED] - Validate OHRM Login_TestSuite: Test Cases/Local and Global Variables/TC_Validate OHRM Login_Missing Username_005]]></system-out>
      <system-err><![CDATA[]]></system-err>
   </testsuite>
</testsuites>
